# JRE version: OpenJDK Runtime Environment Temurin-17.0.7+7 (17.0.7+7) (build 17.0.7+7)
# Java VM: OpenJDK 64-Bit Server VM Temurin-17.0.7+7 (17.0.7+7, mixed mode, sharing, tiered, compressed oops, compressed class ptrs, g1 gc, windows-amd64)
GC Precious Log:
 CPUs: 12 total, 12 available
 Memory: 32667M
 Large Page Support: Disabled
 NUMA Support: Disabled
 Compressed Oops: Enabled (Zero based)
 Heap Region Size: 2M
 Heap Min Capacity: 512M
 Heap Initial Capacity: 512M
 Heap Max Capacity: 4072M
 Pre-touch: Disabled
 Parallel Workers: 10
 Concurrent Workers: 3
 Concurrent Refinement Workers: 10
 Periodic GC: Disabled
 String Deduplication is enabled
Heap:
 garbage-first heap   total 690176K, used 251458K [0x0000000701800000, 0x0000000800000000)
  region size 2048K, 28 young (57344K), 3 survivors (6144K)
 Metaspace       used 114316K, committed 115136K, reserved 1179648K
  class space    used 17614K, committed 18048K, reserved 1048576K
GC Heap History (20 events):
Event: 2125.043 GC heap before
{Heap before GC invocations=255 (full 12):
 garbage-first heap   total 690176K, used 275203K [0x0000000701800000, 0x0000000800000000)
  region size 2048K, 40 young (81920K), 1 survivors (2048K)
 Metaspace       used 112932K, committed 113728K, reserved 1179648K
  class space    used 17301K, committed 17664K, reserved 1048576K
}
Event: 2125.045 GC heap after
{Heap after GC invocations=256 (full 12):
 garbage-first heap   total 690176K, used 196540K [0x0000000701800000, 0x0000000800000000)
  region size 2048K, 1 young (2048K), 1 survivors (2048K)
 Metaspace       used 112932K, committed 113728K, reserved 1179648K
  class space    used 17301K, committed 17664K, reserved 1048576K
}
Event: 2176.196 GC heap before
{Heap before GC invocations=256 (full 12):
 garbage-first heap   total 690176K, used 276412K [0x0000000701800000, 0x0000000800000000)
  region size 2048K, 40 young (81920K), 1 survivors (2048K)
 Metaspace       used 112999K, committed 113856K, reserved 1179648K
  class space    used 17304K, committed 17728K, reserved 1048576K
}
Event: 2176.199 GC heap after
{Heap after GC invocations=257 (full 12):
 garbage-first heap   total 690176K, used 196776K [0x0000000701800000, 0x0000000800000000)
  region size 2048K, 2 young (4096K), 2 survivors (4096K)
 Metaspace       used 112999K, committed 113856K, reserved 1179648K
  class space    used 17304K, committed 17728K, reserved 1048576K
}
Event: 2234.804 GC heap before
{Heap before GC invocations=257 (full 12):
 garbage-first heap   total 690176K, used 274600K [0x0000000701800000, 0x0000000800000000)
  region size 2048K, 40 young (81920K), 2 survivors (4096K)
 Metaspace       used 113089K, committed 113984K, reserved 1179648K
  class space    used 17327K, committed 17792K, reserved 1048576K
}
Event: 2234.807 GC heap after
{Heap after GC invocations=258 (full 12):
 garbage-first heap   total 690176K, used 197173K [0x0000000701800000, 0x0000000800000000)
  region size 2048K, 2 young (4096K), 2 survivors (4096K)
 Metaspace       used 113089K, committed 113984K, reserved 1179648K
  class space    used 17327K, committed 17792K, reserved 1048576K
}
Event: 2262.216 GC heap before
{Heap before GC invocations=258 (full 12):
 garbage-first heap   total 690176K, used 274997K [0x0000000701800000, 0x0000000800000000)
  region size 2048K, 40 young (81920K), 2 survivors (4096K)
 Metaspace       used 113321K, committed 114176K, reserved 1179648K
  class space    used 17373K, committed 17792K, reserved 1048576K
}
Event: 2262.219 GC heap after
{Heap after GC invocations=259 (full 12):
 garbage-first heap   total 690176K, used 197841K [0x0000000701800000, 0x0000000800000000)
  region size 2048K, 2 young (4096K), 2 survivors (4096K)
 Metaspace       used 113321K, committed 114176K, reserved 1179648K
  class space    used 17373K, committed 17792K, reserved 1048576K
}
Event: 2286.666 GC heap before
{Heap before GC invocations=259 (full 12):
 garbage-first heap   total 690176K, used 275665K [0x0000000701800000, 0x0000000800000000)
  region size 2048K, 40 young (81920K), 2 survivors (4096K)
 Metaspace       used 113666K, committed 114496K, reserved 1179648K
  class space    used 17482K, committed 17920K, reserved 1048576K
}
Event: 2286.668 GC heap after
{Heap after GC invocations=260 (full 12):
 garbage-first heap   total 690176K, used 198742K [0x0000000701800000, 0x0000000800000000)
  region size 2048K, 2 young (4096K), 2 survivors (4096K)
 Metaspace       used 113666K, committed 114496K, reserved 1179648K
  class space    used 17482K, committed 17920K, reserved 1048576K
}
Event: 2292.146 GC heap before
{Heap before GC invocations=260 (full 12):
 garbage-first heap   total 690176K, used 276566K [0x0000000701800000, 0x0000000800000000)
  region size 2048K, 40 young (81920K), 2 survivors (4096K)
 Metaspace       used 113824K, committed 114624K, reserved 1179648K
  class space    used 17516K, committed 17920K, reserved 1048576K
}
Event: 2292.150 GC heap after
{Heap after GC invocations=261 (full 12):
 garbage-first heap   total 690176K, used 200083K [0x0000000701800000, 0x0000000800000000)
  region size 2048K, 3 young (6144K), 3 survivors (6144K)
 Metaspace       used 113824K, committed 114624K, reserved 1179648K
  class space    used 17516K, committed 17920K, reserved 1048576K
}
Event: 2310.256 GC heap before
{Heap before GC invocations=261 (full 12):
 garbage-first heap   total 690176K, used 275859K [0x0000000701800000, 0x0000000800000000)
  region size 2048K, 40 young (81920K), 3 survivors (6144K)
 Metaspace       used 113905K, committed 114816K, reserved 1179648K
  class space    used 17533K, committed 17984K, reserved 1048576K
}
Event: 2310.260 GC heap after
{Heap after GC invocations=262 (full 12):
 garbage-first heap   total 690176K, used 201120K [0x0000000701800000, 0x0000000800000000)
  region size 2048K, 4 young (8192K), 4 survivors (8192K)
 Metaspace       used 113905K, committed 114816K, reserved 1179648K
  class space    used 17533K, committed 17984K, reserved 1048576K
}
Event: 2312.200 GC heap before
{Heap before GC invocations=262 (full 12):
 garbage-first heap   total 690176K, used 274848K [0x0000000701800000, 0x0000000800000000)
  region size 2048K, 40 young (81920K), 4 survivors (8192K)
 Metaspace       used 114077K, committed 114944K, reserved 1179648K
  class space    used 17597K, committed 18048K, reserved 1048576K
}
Event: 2312.205 GC heap after
{Heap after GC invocations=263 (full 12):
 garbage-first heap   total 690176K, used 201933K [0x0000000701800000, 0x0000000800000000)
  region size 2048K, 3 young (6144K), 3 survivors (6144K)
 Metaspace       used 114077K, committed 114944K, reserved 1179648K
  class space    used 17597K, committed 18048K, reserved 1048576K
}
Event: 2335.581 GC heap before
{Heap before GC invocations=263 (full 12):
 garbage-first heap   total 690176K, used 277709K [0x0000000701800000, 0x0000000800000000)
  region size 2048K, 40 young (81920K), 3 survivors (6144K)
 Metaspace       used 114147K, committed 115008K, reserved 1179648K
  class space    used 17599K, committed 18048K, reserved 1048576K
}
Event: 2335.585 GC heap after
{Heap after GC invocations=264 (full 12):
 garbage-first heap   total 690176K, used 202111K [0x0000000701800000, 0x0000000800000000)
  region size 2048K, 3 young (6144K), 3 survivors (6144K)
 Metaspace       used 114147K, committed 115008K, reserved 1179648K
  class space    used 17599K, committed 18048K, reserved 1048576K
}
Event: 2336.582 GC heap before
{Heap before GC invocations=264 (full 12):
 garbage-first heap   total 690176K, used 277887K [0x0000000701800000, 0x0000000800000000)
  region size 2048K, 40 young (81920K), 3 survivors (6144K)
 Metaspace       used 114261K, committed 115136K, reserved 1179648K
  class space    used 17600K, committed 18048K, reserved 1048576K
}
Event: 2336.586 GC heap after
{Heap after GC invocations=265 (full 12):
 garbage-first heap   total 690176K, used 202306K [0x0000000701800000, 0x0000000800000000)
  region size 2048K, 3 young (6144K), 3 survivors (6144K)
 Metaspace       used 114261K, committed 115136K, reserved 1179648K
  class space    used 17600K, committed 18048K, reserved 1048576K
}

